01-22 07:37:52 com_github_MitjaNemec_ReplicateLayout.action_replicate_layout 392:Plugin executed on: 'darwin'
01-22 07:37:52 com_github_MitjaNemec_ReplicateLayout.action_replicate_layout 393:Plugin executed with python version: '3.9.13 (v3.9.13:6de2ca5339, May 17 2022, 11:37:23) \n[Clang 13.0.0 (clang-1300.0.29.30)]'
01-22 07:37:52 com_github_MitjaNemec_ReplicateLayout.action_replicate_layout 394:KiCad build version: 7.0.10
01-22 07:37:52 com_github_MitjaNemec_ReplicateLayout.action_replicate_layout 395:Plugin version: 2.1.3
01-22 07:37:52 com_github_MitjaNemec_ReplicateLayout.action_replicate_layout 396:Frame repr: <wx._core.Frame object at 0x14fae6700>
01-22 07:37:52 com_github_MitjaNemec_ReplicateLayout.action_replicate_layout 420:Preparing replicator with H701 as a reference
01-22 07:37:52 com_github_MitjaNemec_ReplicateLayout.replicate_layout 117:getting a list of all footprints on board
01-22 07:37:52 com_github_MitjaNemec_ReplicateLayout.replicate_layout 136:Footprint kibuzzard-65860F08 does not have Sheetfile property, it will not be replicated. Most likely it is only in layout
01-22 07:37:52 com_github_MitjaNemec_ReplicateLayout.action_replicate_layout 468:source anchor footprint is 'H701'
Located on: ['[7] 3-Phase Bridge - Phase C']
With filenames: ['inverter_phase.kicad_sch']
With sheet_id:['[7] 3-Phase Bridge - Phase C']
01-22 07:37:52 com_github_MitjaNemec_ReplicateLayout.action_replicate_layout 475:Corresponding footprints are 
[('H601', ['[6] 3-Phase Bridge - Phase B']), ('H701', ['[7] 3-Phase Bridge - Phase C']), ('H501', ['[5] 3-Phase Bridge - Phase A'])]
01-22 07:37:52 com_github_MitjaNemec_ReplicateLayout.action_replicate_layout 487:Showing dialog
01-22 07:37:52 com_github_MitjaNemec_ReplicateLayout.replicate_layout 424:constructing a list of sheets suitable for replication on level:'[7] 3-Phase Bridge - Phase C', file:'inverter_phase.kicad_sch'
01-22 07:37:52 com_github_MitjaNemec_ReplicateLayout.replicate_layout 461:suitable sheets are:[['[5] 3-Phase Bridge - Phase A'], ['[6] 3-Phase Bridge - Phase B']]
01-22 07:37:52 com_github_MitjaNemec_ReplicateLayout.replicate_layout 1464:Level selected: ['[7] 3-Phase Bridge - Phase C']
01-22 07:37:52 com_github_MitjaNemec_ReplicateLayout.replicate_layout 1299:Filtering list of tracks
01-22 07:37:52 com_github_MitjaNemec_ReplicateLayout.action_replicate_layout 493:Toolbar position: wx.Point(1291, 137)
01-22 07:37:52 com_github_MitjaNemec_ReplicateLayout.action_replicate_layout 498:Dialog position: wx.Point(852, 137)
01-22 07:37:54 com_github_MitjaNemec_ReplicateLayout.replicate_layout 424:constructing a list of sheets suitable for replication on level:'[7] 3-Phase Bridge - Phase C', file:'inverter_phase.kicad_sch'
01-22 07:37:54 com_github_MitjaNemec_ReplicateLayout.replicate_layout 461:suitable sheets are:[['[5] 3-Phase Bridge - Phase A'], ['[6] 3-Phase Bridge - Phase B']]
01-22 07:37:54 com_github_MitjaNemec_ReplicateLayout.action_replicate_layout 240:Replicating layout
01-22 07:37:54 com_github_MitjaNemec_ReplicateLayout.replicate_layout 240:Starting replication of sheets: [['[5] 3-Phase Bridge - Phase A'], ['[6] 3-Phase Bridge - Phase B']]
on level: ['[7] 3-Phase Bridge - Phase C']
with tracks=True, zone=True, text=True, text=True, intersecting=False, remove=False, locked footprints=False, group_only=False
01-22 07:37:54 root 332:updating GUI message: 'Preparing for replication'
01-22 07:37:54 com_github_MitjaNemec_ReplicateLayout.replicate_layout 310:Getting the list of source footprints
01-22 07:37:54 root 337:updating GUI with: 0
01-22 07:37:54 com_github_MitjaNemec_ReplicateLayout.replicate_layout 320:Getting the list of all the remaining footprints
01-22 07:37:54 com_github_MitjaNemec_ReplicateLayout.replicate_layout 327:Getting source tracks
01-22 07:37:54 com_github_MitjaNemec_ReplicateLayout.replicate_layout 1299:Filtering list of tracks
01-22 07:37:54 com_github_MitjaNemec_ReplicateLayout.replicate_layout 331:Getting source zones
01-22 07:37:54 com_github_MitjaNemec_ReplicateLayout.replicate_layout 335:Getting source text items
01-22 07:37:54 com_github_MitjaNemec_ReplicateLayout.replicate_layout 339:Getting source drawing items
01-22 07:37:54 root 332:updating GUI message: 'Replicating footprints'
01-22 07:37:54 com_github_MitjaNemec_ReplicateLayout.replicate_layout 806:Replicating footprints
01-22 07:37:54 com_github_MitjaNemec_ReplicateLayout.replicate_layout 813:Replicating footprints on sheet ['[5] 3-Phase Bridge - Phase A']
01-22 07:37:54 com_github_MitjaNemec_ReplicateLayout.replicate_layout 813:Replicating footprints on sheet ['[6] 3-Phase Bridge - Phase B']
01-22 07:37:54 root 332:updating GUI message: 'Replicating tracks'
01-22 07:37:54 com_github_MitjaNemec_ReplicateLayout.replicate_layout 977:Replicating tracks
01-22 07:37:54 com_github_MitjaNemec_ReplicateLayout.replicate_layout 983:Replicating tracks on sheet ['[5] 3-Phase Bridge - Phase A']
01-22 07:37:54 com_github_MitjaNemec_ReplicateLayout.replicate_layout 766:Net pairs for sheet ['[5] 3-Phase Bridge - Phase A'] :[('/[7] 3-Phase Bridge - Phase C/PH_HOUT_G', '/[5] 3-Phase Bridge - Phase A/PH_HOUT_G'), ('/[2] MCU/PHC_LIN', '/[2] MCU/PHA_LIN'), ('/[7] 3-Phase Bridge - Phase C/PH_VB', '/[5] 3-Phase Bridge - Phase A/PH_VB'), ('GND', 'GND'), ('/[7] 3-Phase Bridge - Phase C/PH_VS', '/[5] 3-Phase Bridge - Phase A/PH_VS'), ('/[7] 3-Phase Bridge - Phase C/PH_HOUT', '/[5] 3-Phase Bridge - Phase A/PH_HOUT'), ('/[7] 3-Phase Bridge - Phase C/PH_CIN+', '/[5] 3-Phase Bridge - Phase A/PH_CIN+'), ('/[7] 3-Phase Bridge - Phase C/PH_CURR', '/[5] 3-Phase Bridge - Phase A/PH_CURR'), ('+BATT', '+BATT'), ('/[7] 3-Phase Bridge - Phase C/PH_IR_LIN', '/[5] 3-Phase Bridge - Phase A/PH_IR_LIN'), ('/[2] MCU/PHC_HIN', '/[2] MCU/PHA_HIN'), ('/[7] 3-Phase Bridge - Phase C/PH_LOUT', '/[5] 3-Phase Bridge - Phase A/PH_LOUT'), ('/[7] 3-Phase Bridge - Phase C/PH_LOUT_G', '/[5] 3-Phase Bridge - Phase A/PH_LOUT_G'), ('/[2] MCU/PHC_VSDIV', '/[2] MCU/PHA_VSDIV'), ('+3.3VA', '+3.3VA'), ('/[2] MCU/PHC_CURR_FILT', '/[2] MCU/PHA_CURR_FILT'), ('/[7] 3-Phase Bridge - Phase C/PH_VRD', '/[5] 3-Phase Bridge - Phase A/PH_VRD'), ('', ''), ('+12V', '+12V'), ('/[7] 3-Phase Bridge - Phase C/PH_IR_HIN', '/[5] 3-Phase Bridge - Phase A/PH_IR_HIN'), ('+3.3V', '+3.3V')]
01-22 07:37:54 root 337:updating GUI with: 0
01-22 07:37:54 com_github_MitjaNemec_ReplicateLayout.replicate_layout 983:Replicating tracks on sheet ['[6] 3-Phase Bridge - Phase B']
01-22 07:37:54 com_github_MitjaNemec_ReplicateLayout.replicate_layout 766:Net pairs for sheet ['[6] 3-Phase Bridge - Phase B'] :[('/[2] MCU/PHC_HIN', '/[2] MCU/PHB_HIN'), ('/[7] 3-Phase Bridge - Phase C/PH_IR_LIN', '/[6] 3-Phase Bridge - Phase B/PH_IR_LIN'), ('GND', 'GND'), ('/[7] 3-Phase Bridge - Phase C/PH_VRD', '/[6] 3-Phase Bridge - Phase B/PH_VRD'), ('/[2] MCU/PHC_CURR_FILT', '/[2] MCU/PHB_CURR_FILT'), ('/[7] 3-Phase Bridge - Phase C/PH_IR_HIN', '/[6] 3-Phase Bridge - Phase B/PH_IR_HIN'), ('/[7] 3-Phase Bridge - Phase C/PH_CURR', '/[6] 3-Phase Bridge - Phase B/PH_CURR'), ('+BATT', '+BATT'), ('/[2] MCU/PHC_VSDIV', '/[2] MCU/PHB_VSDIV'), ('/[7] 3-Phase Bridge - Phase C/PH_VB', '/[6] 3-Phase Bridge - Phase B/PH_VB'), ('/[7] 3-Phase Bridge - Phase C/PH_CIN+', '/[6] 3-Phase Bridge - Phase B/PH_CIN+'), ('/[2] MCU/PHC_LIN', '/[2] MCU/PHB_LIN'), ('+3.3VA', '+3.3VA'), ('/[7] 3-Phase Bridge - Phase C/PH_LOUT', '/[6] 3-Phase Bridge - Phase B/PH_LOUT'), ('', ''), ('/[7] 3-Phase Bridge - Phase C/PH_VS', '/[6] 3-Phase Bridge - Phase B/PH_VS'), ('+12V', '+12V'), ('/[7] 3-Phase Bridge - Phase C/PH_LOUT_G', '/[6] 3-Phase Bridge - Phase B/PH_LOUT_G'), ('/[7] 3-Phase Bridge - Phase C/PH_HOUT', '/[6] 3-Phase Bridge - Phase B/PH_HOUT'), ('/[7] 3-Phase Bridge - Phase C/PH_HOUT_G', '/[6] 3-Phase Bridge - Phase B/PH_HOUT_G'), ('+3.3V', '+3.3V')]
01-22 07:37:54 root 332:updating GUI message: 'Replicating zones'
01-22 07:37:54 com_github_MitjaNemec_ReplicateLayout.replicate_layout 1047:Replicating zones
01-22 07:37:54 com_github_MitjaNemec_ReplicateLayout.replicate_layout 1054:Replicating zones on sheet ['[5] 3-Phase Bridge - Phase A']
01-22 07:37:54 com_github_MitjaNemec_ReplicateLayout.replicate_layout 766:Net pairs for sheet ['[5] 3-Phase Bridge - Phase A'] :[('/[7] 3-Phase Bridge - Phase C/PH_HOUT_G', '/[5] 3-Phase Bridge - Phase A/PH_HOUT_G'), ('/[2] MCU/PHC_LIN', '/[2] MCU/PHA_LIN'), ('/[7] 3-Phase Bridge - Phase C/PH_VB', '/[5] 3-Phase Bridge - Phase A/PH_VB'), ('GND', 'GND'), ('/[7] 3-Phase Bridge - Phase C/PH_VS', '/[5] 3-Phase Bridge - Phase A/PH_VS'), ('/[7] 3-Phase Bridge - Phase C/PH_HOUT', '/[5] 3-Phase Bridge - Phase A/PH_HOUT'), ('/[7] 3-Phase Bridge - Phase C/PH_CIN+', '/[5] 3-Phase Bridge - Phase A/PH_CIN+'), ('/[7] 3-Phase Bridge - Phase C/PH_CURR', '/[5] 3-Phase Bridge - Phase A/PH_CURR'), ('+BATT', '+BATT'), ('/[7] 3-Phase Bridge - Phase C/PH_IR_LIN', '/[5] 3-Phase Bridge - Phase A/PH_IR_LIN'), ('/[2] MCU/PHC_HIN', '/[2] MCU/PHA_HIN'), ('/[7] 3-Phase Bridge - Phase C/PH_LOUT', '/[5] 3-Phase Bridge - Phase A/PH_LOUT'), ('/[7] 3-Phase Bridge - Phase C/PH_LOUT_G', '/[5] 3-Phase Bridge - Phase A/PH_LOUT_G'), ('/[2] MCU/PHC_VSDIV', '/[2] MCU/PHA_VSDIV'), ('+3.3VA', '+3.3VA'), ('/[2] MCU/PHC_CURR_FILT', '/[2] MCU/PHA_CURR_FILT'), ('/[7] 3-Phase Bridge - Phase C/PH_VRD', '/[5] 3-Phase Bridge - Phase A/PH_VRD'), ('', ''), ('+12V', '+12V'), ('/[7] 3-Phase Bridge - Phase C/PH_IR_HIN', '/[5] 3-Phase Bridge - Phase A/PH_IR_HIN'), ('+3.3V', '+3.3V')]
01-22 07:37:54 com_github_MitjaNemec_ReplicateLayout.replicate_layout 1054:Replicating zones on sheet ['[6] 3-Phase Bridge - Phase B']
01-22 07:37:54 com_github_MitjaNemec_ReplicateLayout.replicate_layout 766:Net pairs for sheet ['[6] 3-Phase Bridge - Phase B'] :[('/[2] MCU/PHC_HIN', '/[2] MCU/PHB_HIN'), ('/[7] 3-Phase Bridge - Phase C/PH_IR_LIN', '/[6] 3-Phase Bridge - Phase B/PH_IR_LIN'), ('GND', 'GND'), ('/[7] 3-Phase Bridge - Phase C/PH_VRD', '/[6] 3-Phase Bridge - Phase B/PH_VRD'), ('/[2] MCU/PHC_CURR_FILT', '/[2] MCU/PHB_CURR_FILT'), ('/[7] 3-Phase Bridge - Phase C/PH_IR_HIN', '/[6] 3-Phase Bridge - Phase B/PH_IR_HIN'), ('/[7] 3-Phase Bridge - Phase C/PH_CURR', '/[6] 3-Phase Bridge - Phase B/PH_CURR'), ('+BATT', '+BATT'), ('/[2] MCU/PHC_VSDIV', '/[2] MCU/PHB_VSDIV'), ('/[7] 3-Phase Bridge - Phase C/PH_VB', '/[6] 3-Phase Bridge - Phase B/PH_VB'), ('/[7] 3-Phase Bridge - Phase C/PH_CIN+', '/[6] 3-Phase Bridge - Phase B/PH_CIN+'), ('/[2] MCU/PHC_LIN', '/[2] MCU/PHB_LIN'), ('+3.3VA', '+3.3VA'), ('/[7] 3-Phase Bridge - Phase C/PH_LOUT', '/[6] 3-Phase Bridge - Phase B/PH_LOUT'), ('', ''), ('/[7] 3-Phase Bridge - Phase C/PH_VS', '/[6] 3-Phase Bridge - Phase B/PH_VS'), ('+12V', '+12V'), ('/[7] 3-Phase Bridge - Phase C/PH_LOUT_G', '/[6] 3-Phase Bridge - Phase B/PH_LOUT_G'), ('/[7] 3-Phase Bridge - Phase C/PH_HOUT', '/[6] 3-Phase Bridge - Phase B/PH_HOUT'), ('/[7] 3-Phase Bridge - Phase C/PH_HOUT_G', '/[6] 3-Phase Bridge - Phase B/PH_HOUT_G'), ('+3.3V', '+3.3V')]
01-22 07:37:54 root 337:updating GUI with: 66
01-22 07:37:54 root 332:updating GUI message: 'Replicating text'
01-22 07:37:54 com_github_MitjaNemec_ReplicateLayout.replicate_layout 1136:Replicating text
01-22 07:37:54 com_github_MitjaNemec_ReplicateLayout.replicate_layout 1143:Replicating text on sheet ['[5] 3-Phase Bridge - Phase A']
01-22 07:37:54 com_github_MitjaNemec_ReplicateLayout.replicate_layout 1143:Replicating text on sheet ['[6] 3-Phase Bridge - Phase B']
01-22 07:37:54 root 332:updating GUI message: 'Replicating drawings'
01-22 07:37:54 com_github_MitjaNemec_ReplicateLayout.replicate_layout 1187:Replicating drawings
01-22 07:37:54 com_github_MitjaNemec_ReplicateLayout.replicate_layout 1193:Replicating drawings on sheet ['[5] 3-Phase Bridge - Phase A']
01-22 07:37:54 com_github_MitjaNemec_ReplicateLayout.replicate_layout 1193:Replicating drawings on sheet ['[6] 3-Phase Bridge - Phase B']
01-22 07:37:54 com_github_MitjaNemec_ReplicateLayout.action_replicate_layout 256:Replication complete
